<?xml version="1.0" encoding="UTF-8"?>
<!-- Generated by org.testng.reporters.JUnitXMLReporter -->
<testsuite hostname="PC" name="Default test(failed)" tests="2" failures="2" timestamp="8 Dec 2020 06:49:14 GMT" time="0.239" errors="0">
  <testcase name="TC2" time="0.066" classname="TestNG.Sample3">
    <failure type="java.lang.AssertionError" message="null">
      <![CDATA[java.lang.AssertionError: null
	at TestNG.Sample3.TC2(Sample3.java:26)
... Removed 27 stack frames]]>
    </failure>
  </testcase> <!-- TC2 -->
  <testcase name="TC5" time="0.026" classname="TestNG.Sample4">
    <failure type="java.lang.AssertionError" message="null">
      <![CDATA[java.lang.AssertionError: null
	at TestNG.Sample4.TC5(Sample4.java:24)
... Removed 27 stack frames]]>
    </failure>
  </testcase> <!-- TC5 -->
</testsuite> <!-- Default test(failed) -->
